**Unsent Text Message**
To: Leo 
*hahaha wait that’s* 

**Unsent Text Message**
To: Leo
*ur so dumb*

**Unsent Text Message**
To: Leo
*im*

*Draft deleted.*

***

I am so cold. 

It’s seventy-two degrees in my apartment. I checked the thermostat three times. I am wearing my gray Stanford hoodie, the thick one, and sweatpants, and two pairs of socks. The outer pair is the wool ones Mom bought me for Tahoe. My teeth are actually chattering. I didn’t know teeth actually chattered outside of cartoons, but they do, they click together like little stones. 

I can’t stop chewing on my thumb. I ripped the cuticle off an hour ago, or maybe yesterday, I don't know what time it is. There’s a smear of rust-colored blood on the cuff of my sleeve. I keep putting my finger back in my mouth because the stinging is the only thing that makes any sense. 

Leo sent me a TikTok of a cat falling off a fridge. He said "literally u." I always respond to Leo. Since he got a phone when he was eleven, I have never left him on read. I am the sister who responds. I am Hannah. I laugh loud and I text back and I say *oh my god stop*. 

I put my phone face down on the mattress. I can't touch it. It feels like it weighs fifty pounds.

***

**Voice Memo - "New Recording 4"**
"Maya, hey. It’s me. Sorry I missed your calls. I just... something happened and I—"
*(Four seconds of silence. The sound of a wet, ragged breath.)*
"I was gonna say it’s funny, actually. I was gonna say 'you won't believe this.' Because that's what we do, right? I make it a story. I give you the story. But I can't find the joke. Maya, I don't... I don't know what to do with my face right now." 
*(Recording stopped at 0:28)*

***

In Intro to Psych, they teach you about the sympathetic nervous system. Fight, flight, freeze, fawn. They put it on a nice clean PowerPoint slide. They give you the vocabulary so you can hold human suffering at arm's length and put a little label on it. 

I don't have a label. I don't have a slide. 

Maya has called six times. Sarah called twice. 
*Hannah, are you okay?*
*Hannah, talk to me.*

Usually, I'm the one sending those texts. I know exactly how to sit on the edge of someone else's bed, hand them a glass of water, and wait. I know how to nod. I know how to hold the space. My mom used to say, *You're my little therapist, Hannah. You just know how to read a room.*

But there's no one in this room but me. And I don't know how to read it. 

I don't think there's anything in here.

I’m sitting on my bed, staring at the wall, and I am realizing something terrifying. I don't have an inside. Other people have an interior. They have a house inside their heads where they can go when things get bad. They have a self that exists when the door is closed. 

I don't. I just have a waiting room. I am just a mirror. I stand in front of you, and I reflect back whatever you need. You need a joke, I’m funny. You need to cry, I’m warm. I have spent twenty years being the shape of whatever empty space people needed filled. 

Now I am alone. Something broke me open. And there is nothing inside. I am completely hollow. Just cold air and ribs. 

***

**Text messages**

**Mom (9:14 AM):** Morning sweetie! Dad says hi. Call me later? 
**Mom (2:30 PM):** Hannah? Everything okay? 
**Mom (6:45 PM):** Your brother says you aren't answering him either. Please call me. You're scaring me. 

***

I can't answer her. 

If I answer her, she will hear it in my voice. She will ask what's wrong. And I will have to explain it. But if I explain it, I will have to be the one who needs something. And I don't know how to need something. I don't know how to fall apart in front of someone else. 

If I'm not the one holding it together, who am I? 

I tried to stand up to get water and my legs just gave out. I just sat on the carpet. I sat on the carpet for two hours. I watched the rectangle of sunlight from the window move across the floor, slide over my wool socks, and disappear up the wall. 

It’s getting dark. 

I bit my index finger until it bled, too. Now I have two bloody fingers. The metallic taste in my mouth is making me nauseous.

*Just text them back, Hannah.* 
*Just say you're sick.* 
*Just make a joke.*

I pick up the phone. I open Leo's thread. The cat is still looping, falling off the fridge, hitting the floor, over and over and over.

*I'm sorry,* I think. I don't type it. I just think it. *I'm sorry, I'm not here anymore. I don't know where Hannah went. She's gone.*

I pull the hoodie over my knees. I curl into a ball on top of the covers. I don't turn off the lights. I just squeeze my eyes shut and shiver. It’s so cold. 

[THAT'S ALL I HAVE]