7:56. Thursday. 

Screen brightness down to zero. Light hurts. Everything is too sharp, the edges of the room peeling back. 

*Hey! Good luck on the bio exam today, you’ve been studying so hard for it. You’re gonna do great. Get a coffee first!* 

Send. 

My thumb is shaking. Just the joint. A fine, buzzing vibration against the glass. 

Phone face down. Cold laminate counter under my hands. 

Open the cabinet. Yellow mug. Big blue mug. Maya is sleeping. When she wakes up, chamomile. Earl Grey for me. It’s morning. This is what we do. Muscle memory. If I don't move my muscles the way Riley moves them, I don't know what happens. I don't know who is left. 

Water in the kettle. 

Concrete in my chest. 

It’s sitting right behind the sternum. Heavy. Pushing everything down. Have to pull air in around the sides of it, shallow little sips. 

The kettle starts to hiss. 

Bass thumping through floorboards. 
Sweat. Cheap citrus vodka.
The door. The click of the lock.
*Wait,* I said. *Hold on.*

Grip the counter. Press the palms down. Harder. Until the edge bites into the heel of my hand. Outside pain. Need outside pain. 

He didn’t stop. 
*Please.*
Weight. Pressing down. Wrists pinned. 
No air.

The kettle whistles—a shriek. My whole body violently jerks. Hip slams into the drawer. Heart hammering, sick and frantic against the concrete block. Water splashing into the mugs. Spilling. Pouring.

"Morning." 

Maya in the doorway. Sleepy eyes. Messy hair. A physical ache in my throat looking at her. Twelve years old, pizza rolls in Grand Rapids. 

"Morning." My voice. It sounds completely normal. How does it sound normal? "Tea’s ready."

"You're an angel," she mumbles. Shuffling over. Reaching for the yellow mug. 

Her fingers brush mine. 

Fire. A hot stove. A shock of panic so fast I rip my hand back. Tea sloshes over the rim. Burning my knuckles. 

Maya freezes. 

She looks at my hand. She looks at my face. 

Silence. The air in the kitchen gets so thick I can't breathe it. 

"Ry?" 

"Sorry." Grabbing a paper towel. Wiping the counter. Fast. "Static shock. You know. Dry air."

Keep wiping. Don't look up. She isn't moving. I can feel her eyes on the side of my face. Three weeks of this. Her watching from across rooms. The helpless, awful grief in her face because she sees the glass wall. She’s pressing her hands against it. But if she pushes, if she asks, the glass breaks and the vacuum pulls her in. I’ll shatter all over the kitchen floor. 

She takes the mug. "Thanks, Ry."

"Of course."

Smile. Push the corners of the mouth up. Use all the muscles. 

8:04. Phone lights up. Chloe: *omg u remembered! thank u literally crying rn 😭*

Double tap to heart it. 

***

Evening. Groceries on the counter. Legs like lead. Nine hours of sleep and I am carrying a corpse around. Waking up in the dark and the concrete is there. Waking up and feeling breath on my neck. Bathroom tiles cold under my knees, throwing up stomach acid. 

Cheddar popcorn for David. The right seltzer for Sarah. 

Knit blanket draped on the sofa. Overhead light off. Three lamps on. Warm. Amber. Safe. 

Build the terrarium. Put them inside. Keep them safe. 

They come in. Dropping coats. Laughing. 

Queue the playlist. Mellow indie, warm acoustics. Fade in. 

"Dude, the vibes in here are always so immaculate." David sinking into the cushions, grabbing popcorn. "I swear my blood pressure drops ten points when I walk in."

"I aim to please." 

Sit in the armchair. Knees to chest. Arms tight around the shins. Hold it together. 

Sarah talking about her lab partner. Maya laughing. The room is glowing. Everything is soft. 

I’m floating near the ceiling. 

Looking down at them. Or looking up at a ceiling I don't recognize. The smell of the vodka. The bruising grip on the hips. The absolute, suffocating dark. Knowing my voice didn't matter. Not a person. A thing. A warm thing for someone to use. 

*I am a person.* Digging my fingernails into my calves. *I am Riley.* 

David’s cup is low. 

Stand up. Get the seltzer. Hand it to him. 

"Thanks, Ry."

"Gotcha."

Sit back down. Pull the knees up. I am a machine made of soft sweaters and perfectly timed text messages. Inside, ripped metal. Smoking ruin. Screaming until my throat bleeds but the acoustics in here are perfect. The lighting is flawless. 

***

Sunday. 

Buzzing against the wood of the nightstand. Buzzing. Buzzing. 

Mom. 

Staring at the screen. Have to answer. Sunday. She'll worry. 

Swallow. Glass in my throat. 

"Hi, Mom."

"Hi, sweetie! How was your week?"

"Good." Flat on my back. The quilt pulled up to my chin. It feels so heavy. It feels like a body. Pushing it off. Cold air. Shivering. Pulling it back up. "Just busy. Classes."

"You sound a little quiet, honey. Are you getting enough sleep?"

"Yeah. Just studying a lot."

"Well, make sure you take a break, okay? Have you seen Maya?"

"She's right in the living room."

"Good. Tell her I say hi. And Riley?"

"Yeah?"

"I love you."

Eyes shut tight. Hot wet line tracking down into my hair. The only warm thing left inside. 

"I love you too, Mom."

Hang up. Phone against my chest. 

I want my mom. Three hours away. I want her to sit on the bed and rub my back. But if she comes, she’ll look at me. Mothers see it. If she sees it, it’s real. The wreckage spills out and ruins her too. 

Can't ruin them. 

Pack it down. Hold the concrete. Hold the broken glass. Hold the smell and the weight and the dark. Push it down underneath the warm. Deep down. 

Get out of bed. 

Walk into the living room. 

Maya is on the couch. The afternoon sun is hitting her laptop screen. 

Reach over. Tilt the blinds down. The glare vanishes. 

She looks up. Those eyes. 

"Better?" I ask. 

"Yeah," she whispers. "Better."

Walk to the kitchen. The water filter is almost empty. 

Fill it. Put it in the fridge. Keep going.