This is incredibly close. The structure, the moments you’ve chosen, the devastating contrast between her external actions and internal state—it’s all there. 

The only thing that needs shifting is the narration. In the original draft, Riley is explaining her trauma, using metaphors like "terrariums" and "machines" and "wreckage." But when you are in the thick of it, you aren't a poet about it. You don't analyze your own dissociation. You just *experience* it. The horror of what she's going through will actually hit much harder if we strip away the explanations and just let her exist in the sensory nightmare of it.

Here is a revision that brings the camera closer into her head, focusing on the terrible, quiet autopilot of being Riley when Riley has been hollowed out.

***

It’s 7:56 AM. Thursday.

My phone screen is turned all the way down. Light hurts my eyes lately. Everything hurts my eyes. Everything in the apartment feels a little too sharp, like the edges of the furniture have been filed into blades.

*Hey! Good luck on the bio exam today, you’ve been studying so hard for it. You’re gonna do great. Get a coffee first!*

I hit send to Chloe.

My thumb is shaking. Just a fine, tiny tremor right at the joint. I watch it vibrate against the glass. I put the phone face down on the counter so I don't have to look at it.

I open the cabinet. I take out the mugs. The yellow one for Maya. The big blue one for me. I put the kettle on. I do this because it is morning, and Maya is sleeping in the next room, and when she wakes up she will want tea. 

The kettle starts to hiss. 

I stare at the burner. The coils are turning red. 

Inside my chest, there is something thick and heavy. I can’t draw a full breath around it. It sits right behind my sternum, pressing, crushing the air out.

A closed door.
The bass from downstairs rattling the floorboards.
The smell of somebody else's sweat.
*Wait.* I said it. I know I said it. *Wait, hold on.*

I grip the edge of the kitchen counter. The laminate is cold. I press my palms into it until the edge bites into my skin, just to feel something that is on the outside of my body. 

He didn’t stop. 
*Please.*
The terrible, suffocating weight. Pushing me down. 

The kettle whistles. 

I flinch so hard my hip slams into the drawer. The sound rings in my ears. I grab the handle, my heart hammering a frantic, sick rhythm against the heavy thing in my chest. I pour the water. Chamomile for Maya. Earl Grey for me.

"Morning."

Maya is in the doorway. She looks sleepy. Her hair is messy. I love her so much it physically aches; I have loved her since we were twelve years old eating pizza rolls on her basement floor.

"Morning," I say. 

My voice sounds perfectly normal. It terrifies me how normal it sounds. 

"Tea’s ready," I say.

"You're an angel," she mumbles, shuffling over. She reaches for the yellow mug. As she takes it, her fingers brush the back of my hand.

I pull back. I can't help it. My body does it before my brain can stop it. I jerk my hand away so fast the tea sloshes over the rim of the mug and burns my knuckles.

Maya freezes. She looks at my hand. Then she looks at my face.

The silence stretches. It’s thick. It’s awful.

"Ry?" she says softly.

"Sorry," I say quickly. I grab a paper towel. I wipe the counter. I wipe the side of the mug. I don't look at her. "Static shock. You know. Dry air."

She doesn’t move. She just watches me wipe the counter. I can feel her looking at me. She has been looking at me like this for three weeks. I catch her from across rooms. Her eyes are full of this awful, helpless grief. She knows something is broken, but she doesn't know what, and she is terrified to touch it in case it falls apart completely.

So she takes the mug. "Thanks, Ry."

"Of course."

I smile at her. It uses every muscle in my face.

It's 8:04 AM. Chloe texts back: *omg u remembered! thank u literally crying rn 😭*

I heart the message.

Later, it's evening. The Whitmore group is coming over. 

I make a grocery run. I buy the cheddar popcorn David likes. I buy the exact brand of seltzer Sarah drinks. I carry the bags up the stairs. My legs feel like lead. I am so tired. I sleep for nine hours and wake up exhausted. I wake up in the middle of the night remembering the feeling of breath on my neck and I go to the bathroom and dry-heave until my throat is raw.

I arrange the snacks in bowls. I put a soft, knit blanket over the back of the sofa. I turn off the harsh overhead light. I turn on the three floor lamps. 

Warm light. Amber light. Safe.

They arrive. They laugh. They drop their coats on my bed. I queue up a playlist. Mellow indie, warm acoustics, seamless.

"Dude, the vibes in here are always so immaculate," David says, sinking into the sofa and grabbing a handful of popcorn. "I swear my blood pressure drops ten points when I walk in."

"I aim to please," I say.

I sit in the armchair. I pull my knees to my chest. I wrap my arms around my shins.

They are talking. Sarah is complaining about her lab partner. Maya is laughing. The room is glowing. 

I am not in the room.

I am back in that dark bedroom at the party, staring up at a ceiling I don't recognize. The bruising grip on my hips. The absolute, paralyzing realization that my voice did not matter. That I was just a thing. A warm thing to be used.

I look at my hands, wrapped around my knees. They don't feel like my hands. I feel like I am floating somewhere near the ceiling, looking down at a girl named Riley. 

I watch David’s cup. When it gets low, I get up and hand him a new seltzer. He doesn't even have to ask.

"Thanks, Ry."

"Gotcha."

I sit back down. Nobody knows. I am screaming so loud my throat is bleeding, but the acoustics in the room are perfect, the lighting is flawless, the popcorn is exactly right.

Sunday.

The phone buzzes on my nightstand. 

Mom.

I stare at it. It vibrates against the wood. I have to answer. I call her every Sunday. If I don't answer, she will worry. 

I clear my throat. I swallow down the dry, jagged feeling. 

"Hi, Mom."

"Hi, sweetie! How was your week?"

"Good," I say. I am lying flat on my back. I have the heavy quilt pulled up to my chin. I used to love the weight of it. Now it feels like a body pinning me down. I push it off. The cold air hits my sweat-damp shirt and I start shivering. I pull the quilt back up. "Just busy. Classes."

"You sound a little quiet, honey. Are you getting enough sleep?"

"Yeah. Just studying a lot."

"Well, make sure you take a break, okay? Have you seen Maya?"

"She's right in the living room."

"Good. Tell her I say hi. And Riley?"

"Yeah?"

"I love you."

I squeeze my eyes shut. A tear slips out. It runs hot into my hair. It is the only warm thing inside me.

"I love you too, Mom."

I hang up. I hold the phone to my chest.

I want my mom. I want her to drive the three hours from home and sit on my bed and brush my hair away from my forehead. But if she comes, she will look at me, and she will see it. Mothers always see it. And if I say it out loud, it becomes real. If I say it out loud, I will ruin her too.

I can't ruin them. I am the one who makes things nice. 

So I hold it. I pack it down tight, underneath the warmth, underneath the playlists and the tea and the soft blankets.

I get out of bed. I walk into the living room.

Maya is studying on the couch. The afternoon light from the window is hitting her laptop screen, making a harsh glare.

I reach over and adjust the blinds. The glare disappears.

She looks up at me. 

"Better?" I ask.

"Yeah," she whispers. "Better."

I go to the kitchen. I check the water pitcher. It's almost empty. I stand at the sink. I turn on the tap. I fill it.